# JRE version: OpenJDK Runtime Environment (8.0_112-b06) (build 1.8.0_112-release-b06)
# Java VM: OpenJDK 64-Bit Server VM (25.112-b06 mixed mode windows-amd64 compressed oops)
Heap:
 PSYoungGen      total 299520K, used 19301K [0x00000000e0000000, 0x00000000f5c80000, 0x0000000100000000)
  eden space 268800K, 0% used [0x00000000e0000000,0x00000000e025eb40,0x00000000f0680000)
  from space 30720K, 54% used [0x00000000f3e80000,0x00000000f4efab78,0x00000000f5c80000)
  to   space 44032K, 0% used [0x00000000f0680000,0x00000000f0680000,0x00000000f3180000)
 ParOldGen       total 151552K, used 117970K [0x00000000a0000000, 0x00000000a9400000, 0x00000000e0000000)
  object space 151552K, 77% used [0x00000000a0000000,0x00000000a7334bf0,0x00000000a9400000)
 Metaspace       used 76112K, capacity 84580K, committed 84736K, reserved 1122304K
  class space    used 9596K, capacity 11405K, committed 11520K, reserved 1048576K
GC Heap History (10 events):
Event: 2855.488 GC heap before
{Heap before GC invocations=30 (full 3):
 PSYoungGen      total 374784K, used 351520K [0x00000000e0000000, 0x00000000fae00000, 0x0000000100000000)
  eden space 342016K, 100% used [0x00000000e0000000,0x00000000f4e00000,0x00000000f4e00000)
  from space 32768K, 29% used [0x00000000f8e00000,0x00000000f9748088,0x00000000fae00000)
  to   space 49152K, 0% used [0x00000000f4e00000,0x00000000f4e00000,0x00000000f7e00000)
 ParOldGen       total 151552K, used 116741K [0x00000000a0000000, 0x00000000a9400000, 0x00000000e0000000)
  object space 151552K, 77% used [0x00000000a0000000,0x00000000a72015b0,0x00000000a9400000)
 Metaspace       used 74701K, capacity 82020K, committed 82176K, reserved 1120256K
  class space    used 9402K, capacity 10911K, committed 11008K, reserved 1048576K
Event: 2855.501 GC heap after
Heap after GC invocations=30 (full 3):
 PSYoungGen      total 345088K, used 16425K [0x00000000e0000000, 0x00000000f9a80000, 0x0000000100000000)
  eden space 328192K, 0% used [0x00000000e0000000,0x00000000e0000000,0x00000000f4080000)
  from space 16896K, 97% used [0x00000000f4e00000,0x00000000f5e0a510,0x00000000f5e80000)
  to   space 46080K, 0% used [0x00000000f6d80000,0x00000000f6d80000,0x00000000f9a80000)
 ParOldGen       total 151552K, used 116749K [0x00000000a0000000, 0x00000000a9400000, 0x00000000e0000000)
  object space 151552K, 77% used [0x00000000a0000000,0x00000000a72035b0,0x00000000a9400000)
 Metaspace       used 74701K, capacity 82020K, committed 82176K, reserved 1120256K
  class space    used 9402K, capacity 10911K, committed 11008K, reserved 1048576K
}
Event: 2974.121 GC heap before
{Heap before GC invocations=31 (full 3):
 PSYoungGen      total 345088K, used 344617K [0x00000000e0000000, 0x00000000f9a80000, 0x0000000100000000)
  eden space 328192K, 100% used [0x00000000e0000000,0x00000000f4080000,0x00000000f4080000)
  from space 16896K, 97% used [0x00000000f4e00000,0x00000000f5e0a510,0x00000000f5e80000)
  to   space 46080K, 0% used [0x00000000f6d80000,0x00000000f6d80000,0x00000000f9a80000)
 ParOldGen       total 151552K, used 116749K [0x00000000a0000000, 0x00000000a9400000, 0x00000000e0000000)
  object space 151552K, 77% used [0x00000000a0000000,0x00000000a72035b0,0x00000000a9400000)
 Metaspace       used 75100K, capacity 82808K, committed 83072K, reserved 1122304K
  class space    used 9458K, capacity 11055K, committed 11136K, reserved 1048576K
Event: 2974.162 GC heap after
Heap after GC invocations=31 (full 3):
 PSYoungGen      total 342528K, used 17337K [0x00000000e0000000, 0x00000000f8880000, 0x0000000100000000)
  eden space 314880K, 0% used [0x00000000e0000000,0x00000000e0000000,0x00000000f3380000)
  from space 27648K, 62% used [0x00000000f6d80000,0x00000000f7e6e538,0x00000000f8880000)
  to   space 43520K, 0% used [0x00000000f3380000,0x00000000f3380000,0x00000000f5e00000)
 ParOldGen       total 151552K, used 116757K [0x00000000a0000000, 0x00000000a9400000, 0x00000000e0000000)
  object space 151552K, 77% used [0x00000000a0000000,0x00000000a72055b0,0x00000000a9400000)
 Metaspace       used 75100K, capacity 82808K, committed 83072K, reserved 1122304K
  class space    used 9458K, capacity 11055K, committed 11136K, reserved 1048576K
}
Event: 3023.166 GC heap before
{Heap before GC invocations=32 (full 3):
 PSYoungGen      total 342528K, used 332217K [0x00000000e0000000, 0x00000000f8880000, 0x0000000100000000)
  eden space 314880K, 100% used [0x00000000e0000000,0x00000000f3380000,0x00000000f3380000)
  from space 27648K, 62% used [0x00000000f6d80000,0x00000000f7e6e538,0x00000000f8880000)
  to   space 43520K, 0% used [0x00000000f3380000,0x00000000f3380000,0x00000000f5e00000)
 ParOldGen       total 151552K, used 116757K [0x00000000a0000000, 0x00000000a9400000, 0x00000000e0000000)
  object space 151552K, 77% used [0x00000000a0000000,0x00000000a72055b0,0x00000000a9400000)
 Metaspace       used 75244K, capacity 83068K, committed 83328K, reserved 1122304K
  class space    used 9476K, capacity 11103K, committed 11136K, reserved 1048576K
Event: 3023.199 GC heap after
Heap after GC invocations=32 (full 3):
 PSYoungGen      total 346112K, used 43514K [0x00000000e0000000, 0x00000000f8b80000, 0x0000000100000000)
  eden space 302592K, 0% used [0x00000000e0000000,0x00000000e0000000,0x00000000f2780000)
  from space 43520K, 99% used [0x00000000f3380000,0x00000000f5dfe868,0x00000000f5e00000)
  to   space 46592K, 0% used [0x00000000f5e00000,0x00000000f5e00000,0x00000000f8b80000)
 ParOldGen       total 151552K, used 117642K [0x00000000a0000000, 0x00000000a9400000, 0x00000000e0000000)
  object space 151552K, 77% used [0x00000000a0000000,0x00000000a72e2bf0,0x00000000a9400000)
 Metaspace       used 75244K, capacity 83068K, committed 83328K, reserved 1122304K
  class space    used 9476K, capacity 11103K, committed 11136K, reserved 1048576K
}
Event: 3115.875 GC heap before
{Heap before GC invocations=33 (full 3):
 PSYoungGen      total 346112K, used 346106K [0x00000000e0000000, 0x00000000f8b80000, 0x0000000100000000)
  eden space 302592K, 100% used [0x00000000e0000000,0x00000000f2780000,0x00000000f2780000)
  from space 43520K, 99% used [0x00000000f3380000,0x00000000f5dfe868,0x00000000f5e00000)
  to   space 46592K, 0% used [0x00000000f5e00000,0x00000000f5e00000,0x00000000f8b80000)
 ParOldGen       total 151552K, used 117642K [0x00000000a0000000, 0x00000000a9400000, 0x00000000e0000000)
  object space 151552K, 77% used [0x00000000a0000000,0x00000000a72e2bf0,0x00000000a9400000)
 Metaspace       used 75526K, capacity 83468K, committed 83712K, reserved 1122304K
  class space    used 9507K, capacity 11165K, committed 11264K, reserved 1048576K
Event: 3115.886 GC heap after
Heap after GC invocations=33 (full 3):
 PSYoungGen      total 320512K, used 14245K [0x00000000e0000000, 0x00000000f7b00000, 0x0000000100000000)
  eden space 290816K, 0% used [0x00000000e0000000,0x00000000e0000000,0x00000000f1c00000)
  from space 29696K, 47% used [0x00000000f5e00000,0x00000000f6be95e0,0x00000000f7b00000)
  to   space 48640K, 0% used [0x00000000f1c00000,0x00000000f1c00000,0x00000000f4b80000)
 ParOldGen       total 151552K, used 117954K [0x00000000a0000000, 0x00000000a9400000, 0x00000000e0000000)
  object space 151552K, 77% used [0x00000000a0000000,0x00000000a7330bf0,0x00000000a9400000)
 Metaspace       used 75526K, capacity 83468K, committed 83712K, reserved 1122304K
  class space    used 9507K, capacity 11165K, committed 11264K, reserved 1048576K
}
Event: 3316.562 GC heap before
{Heap before GC invocations=34 (full 3):
 PSYoungGen      total 320512K, used 305061K [0x00000000e0000000, 0x00000000f7b00000, 0x0000000100000000)
  eden space 290816K, 100% used [0x00000000e0000000,0x00000000f1c00000,0x00000000f1c00000)
  from space 29696K, 47% used [0x00000000f5e00000,0x00000000f6be95e0,0x00000000f7b00000)
  to   space 48640K, 0% used [0x00000000f1c00000,0x00000000f1c00000,0x00000000f4b80000)
 ParOldGen       total 151552K, used 117954K [0x00000000a0000000, 0x00000000a9400000, 0x00000000e0000000)
  object space 151552K, 77% used [0x00000000a0000000,0x00000000a7330bf0,0x00000000a9400000)
 Metaspace       used 75804K, capacity 84032K, committed 84352K, reserved 1122304K
  class space    used 9553K, capacity 11301K, committed 11392K, reserved 1048576K
Event: 3316.573 GC heap after
Heap after GC invocations=34 (full 3):
 PSYoungGen      total 293888K, used 14219K [0x00000000e0000000, 0x00000000f6c00000, 0x0000000100000000)
  eden space 279552K, 0% used [0x00000000e0000000,0x00000000e0000000,0x00000000f1100000)
  from space 14336K, 99% used [0x00000000f1c00000,0x00000000f29e2c88,0x00000000f2a00000)
  to   space 46592K, 0% used [0x00000000f3e80000,0x00000000f3e80000,0x00000000f6c00000)
 ParOldGen       total 151552K, used 117962K [0x00000000a0000000, 0x00000000a9400000, 0x00000000e0000000)
  object space 151552K, 77% used [0x00000000a0000000,0x00000000a7332bf0,0x00000000a9400000)
 Metaspace       used 75804K, capacity 84032K, committed 84352K, reserved 1122304K
  class space    used 9553K, capacity 11301K, committed 11392K, reserved 1048576K
}

