# JRE version: OpenJDK Runtime Environment (8.0_112-b06) (build 1.8.0_112-release-b06)
# Java VM: OpenJDK 64-Bit Server VM (25.112-b06 mixed mode windows-amd64 compressed oops)
Heap:
 PSYoungGen      total 284672K, used 6669K [0x00000000e0000000, 0x00000000f3600000, 0x0000000100000000)
  eden space 261120K, 0% used [0x00000000e0000000,0x00000000e0000000,0x00000000eff00000)
  from space 23552K, 28% used [0x00000000f1f00000,0x00000000f25836e8,0x00000000f3600000)
  to   space 28160K, 0% used [0x00000000eff00000,0x00000000eff00000,0x00000000f1a80000)
 ParOldGen       total 111616K, used 96942K [0x00000000a0000000, 0x00000000a6d00000, 0x00000000e0000000)
  object space 111616K, 86% used [0x00000000a0000000,0x00000000a5eabbe8,0x00000000a6d00000)
 Metaspace       used 72352K, capacity 75936K, committed 76120K, reserved 1116160K
  class space    used 9427K, capacity 10064K, committed 10112K, reserved 1048576K
GC Heap History (10 events):
Event: 56.585 GC heap after
Heap after GC invocations=21 (full 3):
 PSYoungGen      total 187904K, used 0K [0x00000000e0000000, 0x00000000eca80000, 0x0000000100000000)
  eden space 171520K, 0% used [0x00000000e0000000,0x00000000e0000000,0x00000000ea780000)
  from space 16384K, 0% used [0x00000000eba80000,0x00000000eba80000,0x00000000eca80000)
  to   space 17920K, 0% used [0x00000000ea780000,0x00000000ea780000,0x00000000eb900000)
 ParOldGen       total 111616K, used 47903K [0x00000000a0000000, 0x00000000a6d00000, 0x00000000e0000000)
  object space 111616K, 42% used [0x00000000a0000000,0x00000000a2ec7f58,0x00000000a6d00000)
 Metaspace       used 56289K, capacity 58956K, committed 59096K, reserved 1099776K
  class space    used 7595K, capacity 8094K, committed 8192K, reserved 1048576K
}
Event: 1191.458 GC heap before
{Heap before GC invocations=22 (full 3):
 PSYoungGen      total 187904K, used 171520K [0x00000000e0000000, 0x00000000eca80000, 0x0000000100000000)
  eden space 171520K, 100% used [0x00000000e0000000,0x00000000ea780000,0x00000000ea780000)
  from space 16384K, 0% used [0x00000000eba80000,0x00000000eba80000,0x00000000eca80000)
  to   space 17920K, 0% used [0x00000000ea780000,0x00000000ea780000,0x00000000eb900000)
 ParOldGen       total 111616K, used 47903K [0x00000000a0000000, 0x00000000a6d00000, 0x00000000e0000000)
  object space 111616K, 42% used [0x00000000a0000000,0x00000000a2ec7f58,0x00000000a6d00000)
 Metaspace       used 59588K, capacity 62612K, committed 62808K, reserved 1103872K
  class space    used 8008K, capacity 8568K, committed 8576K, reserved 1048576K
Event: 1191.468 GC heap after
Heap after GC invocations=22 (full 3):
 PSYoungGen      total 189440K, used 9482K [0x00000000e0000000, 0x00000000efb00000, 0x0000000100000000)
  eden space 171520K, 0% used [0x00000000e0000000,0x00000000e0000000,0x00000000ea780000)
  from space 17920K, 52% used [0x00000000ea780000,0x00000000eb0c2a20,0x00000000eb900000)
  to   space 17408K, 0% used [0x00000000eea00000,0x00000000eea00000,0x00000000efb00000)
 ParOldGen       total 111616K, used 47911K [0x00000000a0000000, 0x00000000a6d00000, 0x00000000e0000000)
  object space 111616K, 42% used [0x00000000a0000000,0x00000000a2ec9f58,0x00000000a6d00000)
 Metaspace       used 59588K, capacity 62612K, committed 62808K, reserved 1103872K
  class space    used 8008K, capacity 8568K, committed 8576K, reserved 1048576K
}
Event: 1193.333 GC heap before
{Heap before GC invocations=23 (full 3):
 PSYoungGen      total 189440K, used 181002K [0x00000000e0000000, 0x00000000efb00000, 0x0000000100000000)
  eden space 171520K, 100% used [0x00000000e0000000,0x00000000ea780000,0x00000000ea780000)
  from space 17920K, 52% used [0x00000000ea780000,0x00000000eb0c2a20,0x00000000eb900000)
  to   space 17408K, 0% used [0x00000000eea00000,0x00000000eea00000,0x00000000efb00000)
 ParOldGen       total 111616K, used 47911K [0x00000000a0000000, 0x00000000a6d00000, 0x00000000e0000000)
  object space 111616K, 42% used [0x00000000a0000000,0x00000000a2ec9f58,0x00000000a6d00000)
 Metaspace       used 62200K, capacity 65278K, committed 65368K, reserved 1105920K
  class space    used 8270K, capacity 8817K, committed 8832K, reserved 1048576K
Event: 1193.360 GC heap after
Heap after GC invocations=23 (full 3):
 PSYoungGen      total 228352K, used 17400K [0x00000000e0000000, 0x00000000f0f00000, 0x0000000100000000)
  eden space 210944K, 0% used [0x00000000e0000000,0x00000000e0000000,0x00000000ece00000)
  from space 17408K, 99% used [0x00000000eea00000,0x00000000efafe300,0x00000000efb00000)
  to   space 28672K, 0% used [0x00000000ece00000,0x00000000ece00000,0x00000000eea00000)
 ParOldGen       total 111616K, used 72112K [0x00000000a0000000, 0x00000000a6d00000, 0x00000000e0000000)
  object space 111616K, 64% used [0x00000000a0000000,0x00000000a466c2c0,0x00000000a6d00000)
 Metaspace       used 62200K, capacity 65278K, committed 65368K, reserved 1105920K
  class space    used 8270K, capacity 8817K, committed 8832K, reserved 1048576K
}
Event: 1678.190 GC heap before
{Heap before GC invocations=24 (full 3):
 PSYoungGen      total 228352K, used 228344K [0x00000000e0000000, 0x00000000f0f00000, 0x0000000100000000)
  eden space 210944K, 100% used [0x00000000e0000000,0x00000000ece00000,0x00000000ece00000)
  from space 17408K, 99% used [0x00000000eea00000,0x00000000efafe300,0x00000000efb00000)
  to   space 28672K, 0% used [0x00000000ece00000,0x00000000ece00000,0x00000000eea00000)
 ParOldGen       total 111616K, used 72112K [0x00000000a0000000, 0x00000000a6d00000, 0x00000000e0000000)
  object space 111616K, 64% used [0x00000000a0000000,0x00000000a466c2c0,0x00000000a6d00000)
 Metaspace       used 65353K, capacity 68836K, committed 68952K, reserved 1110016K
  class space    used 8657K, capacity 9286K, committed 9344K, reserved 1048576K
Event: 1678.220 GC heap after
Heap after GC invocations=24 (full 3):
 PSYoungGen      total 239616K, used 16620K [0x00000000e0000000, 0x00000000f3b00000, 0x0000000100000000)
  eden space 210944K, 0% used [0x00000000e0000000,0x00000000e0000000,0x00000000ece00000)
  from space 28672K, 57% used [0x00000000ece00000,0x00000000ede3b2b0,0x00000000eea00000)
  to   space 28672K, 0% used [0x00000000f1f00000,0x00000000f1f00000,0x00000000f3b00000)
 ParOldGen       total 111616K, used 82642K [0x00000000a0000000, 0x00000000a6d00000, 0x00000000e0000000)
  object space 111616K, 74% used [0x00000000a0000000,0x00000000a50b4818,0x00000000a6d00000)
 Metaspace       used 65353K, capacity 68836K, committed 68952K, reserved 1110016K
  class space    used 8657K, capacity 9286K, committed 9344K, reserved 1048576K
}
Event: 1682.110 GC heap before
{Heap before GC invocations=25 (full 3):
 PSYoungGen      total 239616K, used 227564K [0x00000000e0000000, 0x00000000f3b00000, 0x0000000100000000)
  eden space 210944K, 100% used [0x00000000e0000000,0x00000000ece00000,0x00000000ece00000)
  from space 28672K, 57% used [0x00000000ece00000,0x00000000ede3b2b0,0x00000000eea00000)
  to   space 28672K, 0% used [0x00000000f1f00000,0x00000000f1f00000,0x00000000f3b00000)
 ParOldGen       total 111616K, used 82642K [0x00000000a0000000, 0x00000000a6d00000, 0x00000000e0000000)
  object space 111616K, 74% used [0x00000000a0000000,0x00000000a50b4818,0x00000000a6d00000)
 Metaspace       used 72352K, capacity 75936K, committed 76120K, reserved 1116160K
  class space    used 9427K, capacity 10064K, committed 10112K, reserved 1048576K
Event: 1682.130 GC heap after
Heap after GC invocations=25 (full 3):
 PSYoungGen      total 284672K, used 6669K [0x00000000e0000000, 0x00000000f3600000, 0x0000000100000000)
  eden space 261120K, 0% used [0x00000000e0000000,0x00000000e0000000,0x00000000eff00000)
  from space 23552K, 28% used [0x00000000f1f00000,0x00000000f25836e8,0x00000000f3600000)
  to   space 28160K, 0% used [0x00000000eff00000,0x00000000eff00000,0x00000000f1a80000)
 ParOldGen       total 111616K, used 96942K [0x00000000a0000000, 0x00000000a6d00000, 0x00000000e0000000)
  object space 111616K, 86% used [0x00000000a0000000,0x00000000a5eabbe8,0x00000000a6d00000)
 Metaspace       used 72352K, capacity 75936K, committed 76120K, reserved 1116160K
  class space    used 9427K, capacity 10064K, committed 10112K, reserved 1048576K
}
Event: 1682.130 GC heap before
{Heap before GC invocations=26 (full 4):
 PSYoungGen      total 284672K, used 6669K [0x00000000e0000000, 0x00000000f3600000, 0x0000000100000000)
  eden space 261120K, 0% used [0x00000000e0000000,0x00000000e0000000,0x00000000eff00000)
  from space 23552K, 28% used [0x00000000f1f00000,0x00000000f25836e8,0x00000000f3600000)
  to   space 28160K, 0% used [0x00000000eff00000,0x00000000eff00000,0x00000000f1a80000)
 ParOldGen       total 111616K, used 96942K [0x00000000a0000000, 0x00000000a6d00000, 0x00000000e0000000)
  object space 111616K, 86% used [0x00000000a0000000,0x00000000a5eabbe8,0x00000000a6d00000)
 Metaspace       used 72352K, capacity 75936K, committed 76120K, reserved 1116160K
  class space    used 9427K, capacity 10064K, committed 10112K, reserved 1048576K

